FOUNDRY LICENSE ERROR REPORT
----------------------------
Timestamp: Tue Oct 17 15:34:50 2017
License(s) Requested:
nuke 2017.0607 interactive with options all 
Extended Info: None Provided
Host : GA004
System ID(s) : 047d7b5bce02 , 00221917ab28 , 448a5b5d727d

Reason for failure: 
Cannot find license file.
 The license files (or license server system network addresses) attempted are 
listed below.  Use LM_LICENSE_FILE to use a different license file,
 or contact your software provider for a license file.
Feature:       nuke_i
Filename:      C:\Program Files (x86)\The Foundry\FLEXlm
License path:  C:\Program Files\The Foundry\FLEXlm;C:\ProgramData\The -
    Foundry\FLEXlm\*.lic;C:\Program Files (x86)\The Foundry\FLEXlm
FLEXnet Licensing error:-1,359.  System Error: 2 "No such file or directory"
For further information, refer to the FLEXnet Licensing End User Guide,
available at "www.macrovision.com".

LICENSE DIAGNOSTICS
---------------------------
Cannot find license file.
 The license files (or license server system network addresses) attempted are 
listed below.  Use LM_LICENSE_FILE to use a different license file,
 or contact your software provider for a license file.
Feature:       nuke_i
Filename:      C:\Program Files (x86)\The Foundry\FLEXlm
License path:  C:\Program Files\The Foundry\FLEXlm;C:\ProgramData\The -
    Foundry\FLEXlm\*.lic;C:\Program Files (x86)\The Foundry\FLEXlm
FLEXnet Licensing error:-1,359.  System Error: 2 "No such file or directory"
For further information, refer to the FLEXnet Licensing End User Guide,
available at "www.macrovision.com".FOUNDRY LICENSE ERROR REPORT
----------------------------
Timestamp: Tue Oct 17 15:36:22 2017
License(s) Requested:
nuke 2017.0607 interactive with options all 
Extended Info: None Provided
Host : GA004
System ID(s) : 047d7b5bce02 , 00221917ab28 , 448a5b5d727d

Reason for failure: 
Cannot find license file.
 The license files (or license server system network addresses) attempted are 
listed below.  Use LM_LICENSE_FILE to use a different license file,
 or contact your software provider for a license file.
Feature:       nuke_i
Filename:      C:\Program Files (x86)\The Foundry\FLEXlm
License path:  C:\Program Files\The Foundry\FLEXlm;C:\ProgramData\The -
    Foundry\FLEXlm\*.lic;C:\Program Files (x86)\The Foundry\FLEXlm
FLEXnet Licensing error:-1,359.  System Error: 2 "No such file or directory"
For further information, refer to the FLEXnet Licensing End User Guide,
available at "www.macrovision.com".

LICENSE DIAGNOSTICS
---------------------------
Cannot find license file.
 The license files (or license server system network addresses) attempted are 
listed below.  Use LM_LICENSE_FILE to use a different license file,
 or contact your software provider for a license file.
Feature:       nuke_i
Filename:      C:\Program Files (x86)\The Foundry\FLEXlm
License path:  C:\Program Files\The Foundry\FLEXlm;C:\ProgramData\The -
    Foundry\FLEXlm\*.lic;C:\Program Files (x86)\The Foundry\FLEXlm
FLEXnet Licensing error:-1,359.  System Error: 2 "No such file or directory"
For further information, refer to the FLEXnet Licensing End User Guide,
available at "www.macrovision.com".FOUNDRY LICENSE ERROR REPORT
----------------------------
Timestamp: Tue Oct 17 15:37:27 2017
License(s) Requested:
nuke 2017.0607 interactive with options all 
Extended Info: None Provided
Host : GA004
System ID(s) : 047d7b5bce02 , 00221917ab28 , 448a5b5d727d

Reason for failure: 
Cannot find license file.
 The license files (or license server system network addresses) attempted are 
listed below.  Use LM_LICENSE_FILE to use a different license file,
 or contact your software provider for a license file.
Feature:       nuke_i
Filename:      C:\Program Files (x86)\The Foundry\FLEXlm
License path:  C:\Program Files\The Foundry\FLEXlm;C:\ProgramData\The -
    Foundry\FLEXlm\*.lic;C:\Program Files (x86)\The Foundry\FLEXlm
FLEXnet Licensing error:-1,359.  System Error: 2 "No such file or directory"
For further information, refer to the FLEXnet Licensing End User Guide,
available at "www.macrovision.com".

LICENSE DIAGNOSTICS
---------------------------
Cannot find license file.
 The license files (or license server system network addresses) attempted are 
listed below.  Use LM_LICENSE_FILE to use a different license file,
 or contact your software provider for a license file.
Feature:       nuke_i
Filename:      C:\Program Files (x86)\The Foundry\FLEXlm
License path:  C:\Program Files\The Foundry\FLEXlm;C:\ProgramData\The -
    Foundry\FLEXlm\*.lic;C:\Program Files (x86)\The Foundry\FLEXlm
FLEXnet Licensing error:-1,359.  System Error: 2 "No such file or directory"
For further information, refer to the FLEXnet Licensing End User Guide,
available at "www.macrovision.com".